-------------------------------------------------------------------------------
Test set: com.features.TestRunner
-------------------------------------------------------------------------------
Tests run: 10, Failures: 0, Errors: 2, Skipped: 0, Time elapsed: 48.525 sec <<< FAILURE!
Then I check the Please Enter Contact(| Login | shreyas.patil91@gmail.com | abcd | Search Patient History |  | Please Enter Contact |)  Time elapsed: 0.014 sec  <<< ERROR!
org.openqa.selenium.InvalidSelectorException: Locator Strategy 'link text' is not supported for this session (WARNING: The server did not provide any stacktrace information)
Command duration or timeout: 17 milliseconds
For documentation on this error, please visit: http://seleniumhq.org/exceptions/invalid_selector_exception.html
Build info: version: '2.52.0', revision: '4c2593cfc3689a7fcd7be52549167e5ccc93ad28', time: '2016-02-11 11:22:43'
System info: host: 'Shreyas-PC', ip: '192.168.0.105', os.name: 'Windows 7', os.arch: 'amd64', os.version: '6.1', java.version: '1.8.0_102'
Driver info: io.appium.java_client.android.AndroidDriver
Capabilities [{app=C://Users//Shreyas//workspace//EHS_Appium_Automation//application_files//EHS.apk, appPackage=com.spatil32.emergency_health_services, networkConnectionEnabled=true, noReset=true, warnings={}, appWaitPackage=com.spatil32.emergency_health_services, appWaitActivity=com.spatil32.emergency_health_services.MainActivity, databaseEnabled=false, deviceName=ZY223F77GW, platform=LINUX, deviceUDID=ZY223F77GW, appActivity=com.spatil32.emergency_health_services.MainActivity, desired={app=C://Users//Shreyas//workspace//EHS_Appium_Automation//application_files//EHS.apk, noReset=true, platformVersion=7.0, platformName=Android, deviceName=ZY223F77GW}, platformVersion=7.0, webStorageEnabled=false, locationContextEnabled=false, takesScreenshot=true, javascriptEnabled=true, platformName=Android}]
Session ID: 50e46295-f9be-470c-851c-de8fd7de40df
*** Element info: {Using=link text, value=Please Enter Contact}
	at sun.reflect.NativeConstructorAccessorImpl.newInstance0(Native Method)
	at sun.reflect.NativeConstructorAccessorImpl.newInstance(NativeConstructorAccessorImpl.java:62)
	at sun.reflect.DelegatingConstructorAccessorImpl.newInstance(DelegatingConstructorAccessorImpl.java:45)
	at java.lang.reflect.Constructor.newInstance(Constructor.java:423)
	at org.openqa.selenium.remote.ErrorHandler.createThrowable(ErrorHandler.java:206)
	at org.openqa.selenium.remote.ErrorHandler.throwIfResponseFailed(ErrorHandler.java:158)
	at org.openqa.selenium.remote.RemoteWebDriver.execute(RemoteWebDriver.java:678)
	at io.appium.java_client.DefaultGenericMobileDriver.execute(DefaultGenericMobileDriver.java:40)
	at io.appium.java_client.AppiumDriver.execute(AppiumDriver.java:1)
	at io.appium.java_client.android.AndroidDriver.execute(AndroidDriver.java:1)
	at org.openqa.selenium.remote.RemoteWebDriver.findElement(RemoteWebDriver.java:363)
	at io.appium.java_client.DefaultGenericMobileDriver.findElement(DefaultGenericMobileDriver.java:56)
	at io.appium.java_client.AppiumDriver.findElement(AppiumDriver.java:1)
	at io.appium.java_client.android.AndroidDriver.findElement(AndroidDriver.java:1)
	at org.openqa.selenium.remote.RemoteWebDriver.findElementByLinkText(RemoteWebDriver.java:428)
	at io.appium.java_client.DefaultGenericMobileDriver.findElementByLinkText(DefaultGenericMobileDriver.java:71)
	at io.appium.java_client.AppiumDriver.findElementByLinkText(AppiumDriver.java:1)
	at io.appium.java_client.android.AndroidDriver.findElementByLinkText(AndroidDriver.java:1)
	at com.pageFactory.PatientHistoryPage.VerifyToastMessage(PatientHistoryPage.java:55)
	at com.stepDefinitions.PatientHistoryDetailsSteps.I_check_the_toastMessage(PatientHistoryDetailsSteps.java:55)
	at ?.Then I check the Please Enter Contact(doctor_gets_message_when_contact_not_provided.feature:13)

| Login | shreyas.patil91@gmail.com | abcd | Search Patient History |  | Please Enter Contact |  Time elapsed: 0.015 sec  <<< ERROR!
org.openqa.selenium.InvalidSelectorException: Locator Strategy 'link text' is not supported for this session (WARNING: The server did not provide any stacktrace information)
Command duration or timeout: 17 milliseconds
For documentation on this error, please visit: http://seleniumhq.org/exceptions/invalid_selector_exception.html
Build info: version: '2.52.0', revision: '4c2593cfc3689a7fcd7be52549167e5ccc93ad28', time: '2016-02-11 11:22:43'
System info: host: 'Shreyas-PC', ip: '192.168.0.105', os.name: 'Windows 7', os.arch: 'amd64', os.version: '6.1', java.version: '1.8.0_102'
Driver info: io.appium.java_client.android.AndroidDriver
Capabilities [{app=C://Users//Shreyas//workspace//EHS_Appium_Automation//application_files//EHS.apk, appPackage=com.spatil32.emergency_health_services, networkConnectionEnabled=true, noReset=true, warnings={}, appWaitPackage=com.spatil32.emergency_health_services, appWaitActivity=com.spatil32.emergency_health_services.MainActivity, databaseEnabled=false, deviceName=ZY223F77GW, platform=LINUX, deviceUDID=ZY223F77GW, appActivity=com.spatil32.emergency_health_services.MainActivity, desired={app=C://Users//Shreyas//workspace//EHS_Appium_Automation//application_files//EHS.apk, noReset=true, platformVersion=7.0, platformName=Android, deviceName=ZY223F77GW}, platformVersion=7.0, webStorageEnabled=false, locationContextEnabled=false, takesScreenshot=true, javascriptEnabled=true, platformName=Android}]
Session ID: 50e46295-f9be-470c-851c-de8fd7de40df
*** Element info: {Using=link text, value=Please Enter Contact}
	at sun.reflect.NativeConstructorAccessorImpl.newInstance0(Native Method)
	at sun.reflect.NativeConstructorAccessorImpl.newInstance(NativeConstructorAccessorImpl.java:62)
	at sun.reflect.DelegatingConstructorAccessorImpl.newInstance(DelegatingConstructorAccessorImpl.java:45)
	at java.lang.reflect.Constructor.newInstance(Constructor.java:423)
	at org.openqa.selenium.remote.ErrorHandler.createThrowable(ErrorHandler.java:206)
	at org.openqa.selenium.remote.ErrorHandler.throwIfResponseFailed(ErrorHandler.java:158)
	at org.openqa.selenium.remote.RemoteWebDriver.execute(RemoteWebDriver.java:678)
	at io.appium.java_client.DefaultGenericMobileDriver.execute(DefaultGenericMobileDriver.java:40)
	at io.appium.java_client.AppiumDriver.execute(AppiumDriver.java:1)
	at io.appium.java_client.android.AndroidDriver.execute(AndroidDriver.java:1)
	at org.openqa.selenium.remote.RemoteWebDriver.findElement(RemoteWebDriver.java:363)
	at io.appium.java_client.DefaultGenericMobileDriver.findElement(DefaultGenericMobileDriver.java:56)
	at io.appium.java_client.AppiumDriver.findElement(AppiumDriver.java:1)
	at io.appium.java_client.android.AndroidDriver.findElement(AndroidDriver.java:1)
	at org.openqa.selenium.remote.RemoteWebDriver.findElementByLinkText(RemoteWebDriver.java:428)
	at io.appium.java_client.DefaultGenericMobileDriver.findElementByLinkText(DefaultGenericMobileDriver.java:71)
	at io.appium.java_client.AppiumDriver.findElementByLinkText(AppiumDriver.java:1)
	at io.appium.java_client.android.AndroidDriver.findElementByLinkText(AndroidDriver.java:1)
	at com.pageFactory.PatientHistoryPage.VerifyToastMessage(PatientHistoryPage.java:55)
	at com.stepDefinitions.PatientHistoryDetailsSteps.I_check_the_toastMessage(PatientHistoryDetailsSteps.java:55)
	at ?.Then I check the Please Enter Contact(doctor_gets_message_when_contact_not_provided.feature:13)

