<?xml version="1.0" encoding="UTF-8" ?>
<testsuite tests="28" failures="2" name="com.features.TestRunner" time="0.254" errors="0" skipped="8">
  <properties>
[...]
</properties>
  <testcase classname="| Login | Registration Form | Shreyas | Patil | 12345 | patilsr91@gmail.com | 1111 | 3128891919 | abcd |" name="Given my application is open" time="0.006"/>
  <testcase classname="| Login | Registration Form | Shreyas | Patil | 12345 | patilsr91@gmail.com | 1111 | 3128891919 | abcd |" name="Then I see Login" time="0"/>
  <testcase classname="| Login | Registration Form | Shreyas | Patil | 12345 | patilsr91@gmail.com | 1111 | 3128891919 | abcd |" name="Then I press the Register button" time="0"/>
  <testcase classname="| Login | Registration Form | Shreyas | Patil | 12345 | patilsr91@gmail.com | 1111 | 3128891919 | abcd |" name="Then I see Registration Form" time="0"/>
  <testcase classname="| Login | Registration Form | Shreyas | Patil | 12345 | patilsr91@gmail.com | 1111 | 3128891919 | abcd |" name="Then I enter Shreyas in the Patinet First Name field" time="0.001"/>
  <testcase classname="| Login | Registration Form | Shreyas | Patil | 12345 | patilsr91@gmail.com | 1111 | 3128891919 | abcd |" name="Then I enter Patil in the Patient Last Name field" time="0.006"/>
  <testcase classname="| Login | Registration Form | Shreyas | Patil | 12345 | patilsr91@gmail.com | 1111 | 3128891919 | abcd |" name="Then I enter 12345 in the Patient SSN field" time="0"/>
  <testcase classname="| Login | Registration Form | Shreyas | Patil | 12345 | patilsr91@gmail.com | 1111 | 3128891919 | abcd |" name="Then I enter patilsr91@gmail.com in the Patient Email field" time="0.015"/>
  <testcase classname="| Login | Registration Form | Shreyas | Patil | 12345 | patilsr91@gmail.com | 1111 | 3128891919 | abcd |" name="Then I enter 1111 in the Patient Contact field" time="0.015"/>
  <testcase classname="| Login | Registration Form | Shreyas | Patil | 12345 | patilsr91@gmail.com | 1111 | 3128891919 | abcd |" name="Then I enter 3128891919 in the Patient Emergency Contact field" time="0.001"/>
  <testcase classname="| Login | Registration Form | Shreyas | Patil | 12345 | patilsr91@gmail.com | 1111 | 3128891919 | abcd |" name="Then I enter abcd in the Patient Password field" time="0"/>
  <testcase classname="| Login | Registration Form | Shreyas | Patil | 12345 | patilsr91@gmail.com | 1111 | 3128891919 | abcd |" name="Then I enter abcd in the Patient Conform Password field" time="0"/>
  <testcase classname="| Login | Registration Form | Shreyas | Patil | 12345 | patilsr91@gmail.com | 1111 | 3128891919 | abcd |" name="Then I press the Patient Register button" time="0"/>
  <testcase classname="| Login | Registration Form | Shreyas | Patil | 12345 | patilsr91@gmail.com | 1111 | 3128891919 | abcd |" name="Then I see Login" time="0"/>
  <testcase classname="| Login | Registration Form | Shreyas | Patil | 12345 | patilsr91@gmail.com | 1111 | 3128891919 | abcd |" name="Then I check gmail account confirmation mail" time="0"/>
  <testcase classname="| Login | Registration Form | Shreyas | Patil | 12345 | patilsr91@gmail.com | 1111 | 3128891919 | abcd |" name="Then I enter patilsr91@gmail.com in the LoginPage Email field" time="0"/>
  <testcase classname="| Login | Registration Form | Shreyas | Patil | 12345 | patilsr91@gmail.com | 1111 | 3128891919 | abcd |" name="Then I enter abcd in the LoginPage Password field" time="0"/>
  <testcase classname="| Login | Registration Form | Shreyas | Patil | 12345 | patilsr91@gmail.com | 1111 | 3128891919 | abcd |" name="Then I press the Login Page Login button" time="0.001"/>
  <testcase classname="| Login | Registration Form | Shreyas | Patil | 12345 | patilsr91@gmail.com | 1111 | 3128891919 | abcd |" name="Then I see Shreyas" time="0.009">
    <failure message="Shreyas text not found." type="junit.framework.AssertionFailedError">junit.framework.AssertionFailedError: Shreyas text not found.
	at junit.framework.Assert.fail(Assert.java:57)
	at junit.framework.Assert.assertTrue(Assert.java:22)
	at com.stepDefinitions.PatientRegistrationSteps.I_see_Text(PatientRegistrationSteps.java:33)
	at ✽.Then I see Shreyas(PatientRegistration.feature:22)
</failure>
  </testcase>
  <testcase classname="| Login | Registration Form | Shreyas | Patil | 12345 | patilsr91@gmail.com | 1111 | 3128891919 | abcd |" name="| Login | Registration Form | Shreyas | Patil | 12345 | patilsr91@gmail.com | 1111 | 3128891919 | abcd |" time="0.01">
    <failure message="Shreyas text not found." type="junit.framework.AssertionFailedError">junit.framework.AssertionFailedError: Shreyas text not found.
	at junit.framework.Assert.fail(Assert.java:57)
	at junit.framework.Assert.assertTrue(Assert.java:22)
	at com.stepDefinitions.PatientRegistrationSteps.I_see_Text(PatientRegistrationSteps.java:33)
	at ✽.Then I see Shreyas(PatientRegistration.feature:22)
</failure>
  </testcase>
  <testcase classname="| Login | Registration Form | Shreyas | Patil | 12345 | patilsr91@gmail.com | 1111 | 3128891919 | abcd |" name="Then I see Patil" time="0.012">
    <skipped/>
  </testcase>
  <testcase classname="| Login | Registration Form | Shreyas | Patil | 12345 | patilsr91@gmail.com | 1111 | 3128891919 | abcd |" name="Then I see 12345" time="0.016">
    <skipped/>
  </testcase>
  <testcase classname="| Login | Registration Form | Shreyas | Patil | 12345 | patilsr91@gmail.com | 1111 | 3128891919 | abcd |" name="Then I see patilsr91@gmail.com" time="0.019">
    <skipped/>
  </testcase>
  <testcase classname="| Login | Registration Form | Shreyas | Patil | 12345 | patilsr91@gmail.com | 1111 | 3128891919 | abcd |" name="Then I see 1111" time="0.022">
    <skipped/>
  </testcase>
  <testcase classname="| Login | Registration Form | Shreyas | Patil | 12345 | patilsr91@gmail.com | 1111 | 3128891919 | abcd |" name="Then I see 3128891919" time="0.025">
    <skipped/>
  </testcase>
  <testcase classname="| Login | Registration Form | Shreyas | Patil | 12345 | patilsr91@gmail.com | 1111 | 3128891919 | abcd |" name="Then I see abcd" time="0.028">
    <skipped/>
  </testcase>
  <testcase classname="| Login | Registration Form | Shreyas | Patil | 12345 | patilsr91@gmail.com | 1111 | 3128891919 | abcd |" name="Then I press the Logout button" time="0.032">
    <skipped/>
  </testcase>
  <testcase classname="| Login | Registration Form | Shreyas | Patil | 12345 | patilsr91@gmail.com | 1111 | 3128891919 | abcd |" name="Then I see Login" time="0.036">
    <skipped/>
  </testcase>
</testsuite>