<?xml version="1.0" encoding="UTF-8"?><testsuite failures="0" name="cucumber.runtime.formatter.JUnitFormatter" skipped="0" tests="1" time="132.072479">
<testcase classname="Patient Registration &amp; Login" name="As a valid user Patient can register &amp; login to my application" time="132.072479">
<system-out><![CDATA[Given my application is open................................................passed
Then I see Login text.......................................................passed
Then I press the Register button............................................passed
Then I see Registration Form text...........................................passed
Then I enter Shreyas in the Patinet First Name field........................passed
Then I enter Patil in the Patient Last Name field...........................passed
Then I enter 12345 in the Patient SSN field.................................passed
Then I enter patilsr91@gmail.com in the Patient Email field.................passed
Then I enter 1111 in the Patient Contact field..............................passed
Then I enter 3128891919 in the Patient Emergency Contact field..............passed
Then I enter abcd in the Patient Password field.............................passed
Then I enter abcd in the Patient Conform Password field.....................passed
Then I press the Patient Register button....................................passed
Then I see Login text.......................................................passed
Then I check gmail account confirmation mail................................passed
Then I enter patilsr91@gmail.com in the LoginPage Email field...............passed
Then I enter abcd in the LoginPage Password field...........................passed
Then I press the Login Page Login button....................................passed
Then I see Shreyas as firstname on Patient Registration Page................passed
Then I see Patil as lastname on Patient Registration Page...................passed
Then I see 12345 as SSN on Patient Registration Page........................passed
Then I see patilsr91@gmail.com as email on Patient Registration Page........passed
Then I see 1111 as contact on Patient Registration Page.....................passed
Then I see 3128891919 as emergency contact on Patient Registration Page.....passed
Then I see abcd as password on Patient Registration Page....................passed
Then I press the Logout button..............................................passed
Then I see Login text.......................................................passed
]]></system-out>
</testcase>
</testsuite>
